Build started 2/29/2020 9:15:04 PM.
     1>Project "C:\Users\محمد عمر باتيس\Desktop\DSA_pract\1_Adj_Matrix\01-ADJ_MATRIX\01-ADJ_MATRIX\01-ADJ_MATRIX.vcxproj" on node 2 (build target(s)).
     1>InitializeBuildStatus:
         Creating "Debug\01-ADJ_MATRIX.unsuccessfulbuild" because "AlwaysCreate" was specified.
       ClCompile:
         All outputs are up-to-date.
         c:\Program Files (x86)\Microsoft Visual Studio 10.0\VC\bin\CL.exe /c /ZI /nologo /W3 /WX- /Od /Oy- /D WIN32 /D _DEBUG /D _CONSOLE /D _UNICODE /D UNICODE /Gm /EHsc /RTC1 /MDd /GS /fp:precise /Zc:wchar_t /Zc:forScope /Yu"StdAfx.h" /Fp"Debug\01-ADJ_MATRIX.pch" /Fo"Debug\\" /Fd"Debug\vc100.pdb" /Gd /TP /analyze- /errorReport:prompt "01-ADJ_MATRIX.cpp"
         01-ADJ_MATRIX.cpp
     1>c:\users\محمد عمر باتيس\desktop\dsa_pract\1_adj_matrix\01-adj_matrix\01-adj_matrix\01-adj_matrix.cpp(81): warning C4996: 'scanf': This function or variable may be unsafe. Consider using scanf_s instead. To disable deprecation, use _CRT_SECURE_NO_WARNINGS. See online help for details.
                 c:\program files (x86)\microsoft visual studio 10.0\vc\include\stdio.h(304) : see declaration of 'scanf'
     1>c:\users\محمد عمر باتيس\desktop\dsa_pract\1_adj_matrix\01-adj_matrix\01-adj_matrix\01-adj_matrix.cpp(90): warning C4996: 'scanf': This function or variable may be unsafe. Consider using scanf_s instead. To disable deprecation, use _CRT_SECURE_NO_WARNINGS. See online help for details.
                 c:\program files (x86)\microsoft visual studio 10.0\vc\include\stdio.h(304) : see declaration of 'scanf'
     1>c:\users\محمد عمر باتيس\desktop\dsa_pract\1_adj_matrix\01-adj_matrix\01-adj_matrix\01-adj_matrix.cpp(101): warning C4996: 'scanf': This function or variable may be unsafe. Consider using scanf_s instead. To disable deprecation, use _CRT_SECURE_NO_WARNINGS. See online help for details.
                 c:\program files (x86)\microsoft visual studio 10.0\vc\include\stdio.h(304) : see declaration of 'scanf'
     1>c:\users\محمد عمر باتيس\desktop\dsa_pract\1_adj_matrix\01-adj_matrix\01-adj_matrix\01-adj_matrix.cpp(110): warning C4996: 'scanf': This function or variable may be unsafe. Consider using scanf_s instead. To disable deprecation, use _CRT_SECURE_NO_WARNINGS. See online help for details.
                 c:\program files (x86)\microsoft visual studio 10.0\vc\include\stdio.h(304) : see declaration of 'scanf'
     1>c:\users\محمد عمر باتيس\desktop\dsa_pract\1_adj_matrix\01-adj_matrix\01-adj_matrix\01-adj_matrix.cpp(122): warning C4996: 'scanf': This function or variable may be unsafe. Consider using scanf_s instead. To disable deprecation, use _CRT_SECURE_NO_WARNINGS. See online help for details.
                 c:\program files (x86)\microsoft visual studio 10.0\vc\include\stdio.h(304) : see declaration of 'scanf'
     1>c:\users\محمد عمر باتيس\desktop\dsa_pract\1_adj_matrix\01-adj_matrix\01-adj_matrix\01-adj_matrix.cpp(127): warning C4996: 'scanf': This function or variable may be unsafe. Consider using scanf_s instead. To disable deprecation, use _CRT_SECURE_NO_WARNINGS. See online help for details.
                 c:\program files (x86)\microsoft visual studio 10.0\vc\include\stdio.h(304) : see declaration of 'scanf'
     1>c:\users\محمد عمر باتيس\desktop\dsa_pract\1_adj_matrix\01-adj_matrix\01-adj_matrix\01-adj_matrix.cpp(137): warning C4996: 'scanf': This function or variable may be unsafe. Consider using scanf_s instead. To disable deprecation, use _CRT_SECURE_NO_WARNINGS. See online help for details.
                 c:\program files (x86)\microsoft visual studio 10.0\vc\include\stdio.h(304) : see declaration of 'scanf'
     1>c:\users\محمد عمر باتيس\desktop\dsa_pract\1_adj_matrix\01-adj_matrix\01-adj_matrix\01-adj_matrix.cpp(144): warning C4996: 'scanf': This function or variable may be unsafe. Consider using scanf_s instead. To disable deprecation, use _CRT_SECURE_NO_WARNINGS. See online help for details.
                 c:\program files (x86)\microsoft visual studio 10.0\vc\include\stdio.h(304) : see declaration of 'scanf'
     1>c:\users\محمد عمر باتيس\desktop\dsa_pract\1_adj_matrix\01-adj_matrix\01-adj_matrix\01-adj_matrix.cpp(270): warning C4996: 'scanf': This function or variable may be unsafe. Consider using scanf_s instead. To disable deprecation, use _CRT_SECURE_NO_WARNINGS. See online help for details.
                 c:\program files (x86)\microsoft visual studio 10.0\vc\include\stdio.h(304) : see declaration of 'scanf'
     1>c:\users\محمد عمر باتيس\desktop\dsa_pract\1_adj_matrix\01-adj_matrix\01-adj_matrix\01-adj_matrix.cpp(276): warning C4996: 'scanf': This function or variable may be unsafe. Consider using scanf_s instead. To disable deprecation, use _CRT_SECURE_NO_WARNINGS. See online help for details.
                 c:\program files (x86)\microsoft visual studio 10.0\vc\include\stdio.h(304) : see declaration of 'scanf'
     1>c:\users\محمد عمر باتيس\desktop\dsa_pract\1_adj_matrix\01-adj_matrix\01-adj_matrix\01-adj_matrix.cpp(286): warning C4996: 'scanf': This function or variable may be unsafe. Consider using scanf_s instead. To disable deprecation, use _CRT_SECURE_NO_WARNINGS. See online help for details.
                 c:\program files (x86)\microsoft visual studio 10.0\vc\include\stdio.h(304) : see declaration of 'scanf'
     1>c:\users\محمد عمر باتيس\desktop\dsa_pract\1_adj_matrix\01-adj_matrix\01-adj_matrix\01-adj_matrix.cpp(415): warning C4996: 'scanf': This function or variable may be unsafe. Consider using scanf_s instead. To disable deprecation, use _CRT_SECURE_NO_WARNINGS. See online help for details.
                 c:\program files (x86)\microsoft visual studio 10.0\vc\include\stdio.h(304) : see declaration of 'scanf'
     1>c:\users\محمد عمر باتيس\desktop\dsa_pract\1_adj_matrix\01-adj_matrix\01-adj_matrix\01-adj_matrix.cpp(424): warning C4996: 'scanf': This function or variable may be unsafe. Consider using scanf_s instead. To disable deprecation, use _CRT_SECURE_NO_WARNINGS. See online help for details.
                 c:\program files (x86)\microsoft visual studio 10.0\vc\include\stdio.h(304) : see declaration of 'scanf'
       ManifestResourceCompile:
         All outputs are up-to-date.
       Link:
         c:\Program Files (x86)\Microsoft Visual Studio 10.0\VC\bin\link.exe /ERRORREPORT:PROMPT /OUT:"C:\Users\محمد عمر باتيس\Desktop\DSA_pract\1_Adj_Matrix\01-ADJ_MATRIX\Debug\01-ADJ_MATRIX.exe" /INCREMENTAL /NOLOGO kernel32.lib user32.lib gdi32.lib winspool.lib comdlg32.lib advapi32.lib shell32.lib ole32.lib oleaut32.lib uuid.lib odbc32.lib odbccp32.lib /MANIFEST /ManifestFile:"Debug\01-ADJ_MATRIX.exe.intermediate.manifest" /MANIFESTUAC:"level='asInvoker' uiAccess='false'" /DEBUG /PDB:"C:\Users\محمد عمر باتيس\Desktop\DSA_pract\1_Adj_Matrix\01-ADJ_MATRIX\Debug\01-ADJ_MATRIX.pdb" /SUBSYSTEM:CONSOLE /TLBID:1 /DYNAMICBASE /NXCOMPAT /IMPLIB:"C:\Users\محمد عمر باتيس\Desktop\DSA_pract\1_Adj_Matrix\01-ADJ_MATRIX\Debug\01-ADJ_MATRIX.lib" /MACHINE:X86 "Debug\01-ADJ_MATRIX.exe.embed.manifest.res"
         "Debug\01-ADJ_MATRIX.obj"
         Debug\stdafx.obj
       Manifest:
         C:\Program Files (x86)\Microsoft SDKs\Windows\v7.0A\bin\mt.exe /nologo /verbose /out:"Debug\01-ADJ_MATRIX.exe.embed.manifest" /manifest "Debug\01-ADJ_MATRIX.exe.intermediate.manifest"
         All outputs are up-to-date.
       LinkEmbedManifest:
         All outputs are up-to-date.
         01-ADJ_MATRIX.vcxproj -> C:\Users\محمد عمر باتيس\Desktop\DSA_pract\1_Adj_Matrix\01-ADJ_MATRIX\Debug\01-ADJ_MATRIX.exe
       FinalizeBuildStatus:
         Deleting file "Debug\01-ADJ_MATRIX.unsuccessfulbuild".
         Touching "Debug\01-ADJ_MATRIX.lastbuildstate".
     1>Done Building Project "C:\Users\محمد عمر باتيس\Desktop\DSA_pract\1_Adj_Matrix\01-ADJ_MATRIX\01-ADJ_MATRIX\01-ADJ_MATRIX.vcxproj" (build target(s)).

Build succeeded.

Time Elapsed 00:00:00.92
